mode: atomic
go-cli-prompt/prompt/CliPrompt.go:56.43,58.6 2 14
go-cli-prompt/prompt/CliPrompt.go:58.6,61.17 3 42054
go-cli-prompt/prompt/CliPrompt.go:67.3,67.26 1 42057
go-cli-prompt/prompt/CliPrompt.go:61.17,63.12 2 0
go-cli-prompt/prompt/CliPrompt.go:67.26,68.33 1 15
go-cli-prompt/prompt/CliPrompt.go:74.4,74.43 1 3
go-cli-prompt/prompt/CliPrompt.go:68.33,70.44 2 12
go-cli-prompt/prompt/CliPrompt.go:70.44,72.6 1 12
go-cli-prompt/prompt/CliPrompt.go:75.9,77.22 1 42049
go-cli-prompt/prompt/CliPrompt.go:85.4,85.37 1 42049
go-cli-prompt/prompt/CliPrompt.go:88.4,88.27 1 42050
go-cli-prompt/prompt/CliPrompt.go:77.22,79.19 2 1
go-cli-prompt/prompt/CliPrompt.go:79.19,81.6 1 0
go-cli-prompt/prompt/CliPrompt.go:81.11,83.6 1 1
go-cli-prompt/prompt/CliPrompt.go:85.37,87.5 1 0
go-cli-prompt/prompt/CliPrompt.go:88.27,90.5 1 42056
go-cli-prompt/prompt/CliPrompt.go:90.10,92.5 1 0
go-cli-prompt/prompt/CliPrompt.go:99.82,100.9 1 0
go-cli-prompt/prompt/CliPrompt.go:101.33,102.18 1 0
go-cli-prompt/prompt/CliPrompt.go:103.20,104.57 1 0
go-cli-prompt/prompt/CliPrompt.go:108.55,110.12 2 0
go-cli-prompt/prompt/CliPrompt.go:113.2,113.19 1 0
go-cli-prompt/prompt/CliPrompt.go:110.12,112.3 1 0
go-cli-prompt/prompt/CliPrompt.go:120.60,122.28 2 2
go-cli-prompt/prompt/CliPrompt.go:125.2,125.15 1 2
go-cli-prompt/prompt/CliPrompt.go:122.28,124.3 1 3
go-cli-prompt/prompt/CliPrompt.go:129.68,131.23 2 2
go-cli-prompt/prompt/CliPrompt.go:137.2,137.17 1 1
go-cli-prompt/prompt/CliPrompt.go:131.23,132.21 1 3
go-cli-prompt/prompt/CliPrompt.go:135.3,135.30 1 3
go-cli-prompt/prompt/CliPrompt.go:132.21,134.4 1 0
go-cli-prompt/prompt/CliPrompt.go:141.98,143.9 2 1
go-cli-prompt/prompt/CliPrompt.go:144.27,145.18 1 0
go-cli-prompt/prompt/CliPrompt.go:146.24,147.18 1 0
go-cli-prompt/prompt/CliPrompt.go:148.20,149.57 1 1
go-cli-prompt/prompt/CliPrompt.go:154.87,157.12 3 1
go-cli-prompt/prompt/CliPrompt.go:164.2,164.28 1 1
go-cli-prompt/prompt/CliPrompt.go:157.12,159.17 2 1
go-cli-prompt/prompt/CliPrompt.go:162.3,162.23 1 0
go-cli-prompt/prompt/CliPrompt.go:159.17,161.4 1 0
go-cli-prompt/prompt/CliPrompt.go:167.76,168.35 1 13
go-cli-prompt/prompt/CliPrompt.go:171.2,171.38 1 1
go-cli-prompt/prompt/CliPrompt.go:168.35,170.3 1 12
go-cli-prompt/prompt/CliPrompt.go:174.37,175.20 1 42101
go-cli-prompt/prompt/CliPrompt.go:175.20,177.3 1 1
go-cli-prompt/prompt/CliPrompt.go:177.8,179.3 1 42102
go-cli-prompt/prompt/CliPrompt.go:182.39,183.32 1 42104
go-cli-prompt/prompt/CliPrompt.go:186.2,186.34 1 42102
go-cli-prompt/prompt/CliPrompt.go:183.32,185.3 1 3
go-cli-prompt/prompt/CliPrompt.go:189.49,190.27 1 84201
go-cli-prompt/prompt/CliPrompt.go:193.2,193.28 1 0
go-cli-prompt/prompt/CliPrompt.go:190.27,192.3 1 84207
go-cli-prompt/prompt/CliPrompt.go:196.48,197.26 1 14
go-cli-prompt/prompt/CliPrompt.go:200.2,200.27 1 0
go-cli-prompt/prompt/CliPrompt.go:197.26,199.3 1 14
go-cli-prompt/prompt/CliPrompt.go:203.53,204.33 1 42102
go-cli-prompt/prompt/CliPrompt.go:207.2,207.35 1 42100
go-cli-prompt/prompt/CliPrompt.go:204.33,206.3 1 3
go-cli-prompt/prompt/CliPrompt.go:210.44,211.34 1 42105
go-cli-prompt/prompt/CliPrompt.go:214.2,214.13 1 42106
go-cli-prompt/prompt/CliPrompt.go:211.34,213.3 1 0
go-cli-prompt/prompt/CliPrompt.go:217.39,219.2 1 84228
go-cli-prompt/prompt/CliPrompt.go:221.49,222.79 1 15
go-cli-prompt/prompt/CliPrompt.go:225.2,225.14 1 3
go-cli-prompt/prompt/CliPrompt.go:222.79,224.3 1 12
go-cli-prompt/prompt/CliPrompt.go:228.67,229.34 1 15
go-cli-prompt/prompt/CliPrompt.go:232.2,232.13 1 10
go-cli-prompt/prompt/CliPrompt.go:229.34,231.3 1 5
go-cli-prompt/prompt/CliPrompt.go:235.66,236.33 1 13
go-cli-prompt/prompt/CliPrompt.go:239.2,239.13 1 11
go-cli-prompt/prompt/CliPrompt.go:236.33,238.3 1 2
go-cli-prompt/prompt/CliPrompt.go:242.49,243.19 1 42133
go-cli-prompt/prompt/CliPrompt.go:243.19,245.3 1 42134
go-cli-prompt/prompt/CliPrompt.go:245.8,246.16 1 0
go-cli-prompt/prompt/CliPrompt.go:250.3,250.31 1 0
go-cli-prompt/prompt/CliPrompt.go:246.16,249.4 1 0
go-cli-prompt/prompt/CliPrompt.go:254.57,255.26 1 0
go-cli-prompt/prompt/CliPrompt.go:255.26,257.3 1 0
go-cli-prompt/prompt/CliPrompt.go:257.8,259.3 1 0
go-cli-prompt/prompt/CliPrompt.go:262.61,265.16 3 0
go-cli-prompt/prompt/CliPrompt.go:268.2,268.34 1 0
go-cli-prompt/prompt/CliPrompt.go:265.16,267.3 1 0
go-cli-prompt/prompt/CliPrompt.go:271.64,273.81 2 0
go-cli-prompt/prompt/CliPrompt.go:281.2,281.72 1 0
go-cli-prompt/prompt/CliPrompt.go:284.2,284.30 1 0
go-cli-prompt/prompt/CliPrompt.go:273.81,275.17 2 0
go-cli-prompt/prompt/CliPrompt.go:278.3,278.31 1 0
go-cli-prompt/prompt/CliPrompt.go:275.17,277.4 1 0
go-cli-prompt/prompt/CliPrompt.go:281.72,283.3 1 0
go-cli-prompt/prompt/CliPrompt.go:287.56,289.30 2 42150
go-cli-prompt/prompt/CliPrompt.go:292.2,292.61 1 42150
go-cli-prompt/prompt/CliPrompt.go:289.30,291.3 1 1
go-cli-prompt/prompt/CliPrompt.go:295.65,296.25 1 3
go-cli-prompt/prompt/CliPrompt.go:300.2,300.77 1 0
go-cli-prompt/prompt/CliPrompt.go:296.25,299.3 2 3
go-cli-prompt/prompt/CliPrompt.go:303.41,305.2 1 14
go-cli-prompt/prompt/Options.go:11.51,12.25 1 7
go-cli-prompt/prompt/Options.go:17.2,17.12 1 6
go-cli-prompt/prompt/Options.go:12.25,13.30 1 10
go-cli-prompt/prompt/Options.go:13.30,15.4 1 1
go-cli-prompt/prompt/Options.go:21.34,22.34 1 4
go-cli-prompt/prompt/Options.go:22.34,25.3 2 4
go-cli-prompt/prompt/Options.go:29.34,30.34 1 4
go-cli-prompt/prompt/Options.go:30.34,33.3 2 4
